<?xml version="1.0" encoding="UTF-8"?>
<testng-results skipped="0" failed="0" ignored="0" total="1" passed="1">
  <reporter-output>
  </reporter-output>
  <suite name="Default suite" duration-ms="5764" started-at="2019-07-07T12:18:28Z" finished-at="2019-07-07T12:18:34Z">
    <groups>
    </groups>
    <test name="Default test" duration-ms="5764" started-at="2019-07-07T12:18:28Z" finished-at="2019-07-07T12:18:34Z">
      <class name="com.qa.tests.PostAPITest">
        <test-method status="PASS" signature="setUp()[pri:0, instance:com.qa.tests.PostAPITest@46d56d67]" name="setUp" is-config="true" duration-ms="12" started-at="2019-07-07T12:18:28Z" finished-at="2019-07-07T12:18:28Z">
          <reporter-output>
          </reporter-output>
        </test-method> <!-- setUp -->
        <test-method status="PASS" signature="postAPITest()[pri:0, instance:com.qa.tests.PostAPITest@46d56d67]" name="postAPITest" duration-ms="5700" started-at="2019-07-07T12:18:28Z" finished-at="2019-07-07T12:18:34Z">
          <reporter-output>
          </reporter-output>
        </test-method> <!-- postAPITest -->
      </class> <!-- com.qa.tests.PostAPITest -->
    </test> <!-- Default test -->
  </suite> <!-- Default suite -->
</testng-results>
